#
# A fatal error has been detected by the Java Runtime Environment:
#
#  Internal Error (javaClasses.cpp:136), pid=2924, tid=7332
#  fatal error: Invalid layout of preloaded class
#
# JRE version:  (7.0_71-b14) (build )
# Java VM: Java HotSpot(TM) 64-Bit Server VM (24.71-b01 mixed mode windows-amd64 compressed oops)
# Failed to write core dump. Minidumps are not enabled by default on client versions of Windows
#
# If you would like to submit a bug report, please visit:
#   http://bugreport.sun.com/bugreport/crash.jsp
#

---------------  T H R E A D  ---------------

Current thread (0x0000000001d3e000):  JavaThread "Unknown thread" [_thread_in_vm, id=7332, stack(0x0000000002780000,0x0000000002880000)]

Stack: [0x0000000002780000,0x0000000002880000]
[error occurred during error reporting (printing stack bounds), id 0xc0000005]


---------------  P R O C E S S  ---------------

Java Threads: ( => current thread )

Other Threads:

=>0x0000000001d3e000 (exited) JavaThread "Unknown thread" [_thread_in_vm, id=7332, stack(0x0000000002780000,0x0000000002880000)]

VM state:not at safepoint (not fully initialized)

VM Mutex/Monitor currently owned by a thread: None

GC Heap History (0 events):
No events

Deoptimization events (0 events):
No events

Internal exceptions (0 events):
No events

Events (10 events):
Event: 0.005 loading class 0x000000000b140760 done
Event: 0.005 loading class 0x000000000b140180 done
Event: 0.005 loading class 0x000000000b140160
Event: 0.005 loading class 0x000000000b1482b0
Event: 0.005 loading class 0x000000000b1482b0 done
Event: 0.005 loading class 0x000000000b1482e0
Event: 0.005 loading class 0x000000000b1482e0 done
Event: 0.005 loading class 0x000000000b148310
Event: 0.005 loading class 0x000000000b148310 done
Event: 0.005 loading class 0x000000000b140160 done


Dynamic libraries:
0x000000013f550000 - 0x000000013f583000 	D:\java\jre\bin\javaw.exe
0x0000000077710000 - 0x00000000778b9000 	C:\Windows\SYSTEM32\ntdll.dll
0x00000000773b0000 - 0x00000000774cf000 	C:\Windows\system32\kernel32.dll
0x000007fefd500000 - 0x000007fefd56c000 	C:\Windows\system32\KERNELBASE.dll
0x000007feff4c0000 - 0x000007feff59b000 	C:\Windows\system32\ADVAPI32.dll
0x000007fefdac0000 - 0x000007fefdb5f000 	C:\Windows\system32\msvcrt.dll
0x000007feff8b0000 - 0x000007feff8cf000 	C:\Windows\SYSTEM32\sechost.dll
0x000007feff8f0000 - 0x000007feffa1d000 	C:\Windows\system32\RPCRT4.dll
0x00000000774d0000 - 0x00000000775ca000 	C:\Windows\system32\USER32.dll
0x000007feff450000 - 0x000007feff4b7000 	C:\Windows\system32\GDI32.dll
0x000007fefefb0000 - 0x000007fefefbe000 	C:\Windows\system32\LPK.dll
0x000007fefd9f0000 - 0x000007fefdab9000 	C:\Windows\system32\USP10.dll
0x000007fefbce0000 - 0x000007fefbed4000 	C:\Windows\WinSxS\amd64_microsoft.windows.common-controls_6595b64144ccf1df_6.0.7601.17514_none_fa396087175ac9ac\COMCTL32.dll
0x000007feff100000 - 0x000007feff171000 	C:\Windows\system32\SHLWAPI.dll
0x000007fefdbe0000 - 0x000007fefdc0e000 	C:\Windows\system32\IMM32.DLL
0x000007fefd8e0000 - 0x000007fefd9e9000 	C:\Windows\system32\MSCTF.dll
0x000000006a3f0000 - 0x000000006a4c2000 	D:\java\jre\bin\msvcr100.dll
0x000000005ce20000 - 0x000000005d5f3000 	D:\java\jre\bin\server\jvm.dll
0x000007fef9140000 - 0x000007fef9149000 	C:\Windows\system32\WSOCK32.dll
0x000007fefdf00000 - 0x000007fefdf4d000 	C:\Windows\system32\WS2_32.dll
0x000007fefdef0000 - 0x000007fefdef8000 	C:\Windows\system32\NSI.dll
0x000007fefd6b0000 - 0x000007fefd6eb000 	C:\Windows\system32\WINMM.dll
0x00000000778e0000 - 0x00000000778e7000 	C:\Windows\system32\PSAPI.DLL
0x0000000071830000 - 0x000000007183f000 	D:\java\jre\bin\verify.dll
0x0000000071800000 - 0x0000000071828000 	D:\java\jre\bin\java.dll
0x0000000070da0000 - 0x0000000070db5000 	D:\java\jre\bin\zip.dll

VM Arguments:
jvm_args: -Dfile.encoding=GBK -Xbootclasspath:F:\adt-bundle-windows-x86_64-20140702\sdk\platforms\android-17\android.jar 
java_command: com.music.entity.MusicUser
Launcher Type: SUN_STANDARD

Environment Variables:
JAVA_HOME=D:\java\jdk
PATH=D:/java/jdk/bin/../jre/bin/server;D:/java/jdk/bin/../jre/bin;D:/java/jdk/bin/../jre/lib/amd64;E:\python\python\;E:\python\python\Scripts;D:\java\jdk\bin;C:\ProgramData\Oracle\Java\javapath;C:\Program Files (x86)\NVIDIA Corporation\PhysX\Common;C:\Windows\system32;C:\Windows;C:\Windows\System32\Wbem;C:\Windows\System32\WindowsPowerShell\v1.0\;D:\maven\apache-maven-3.2.3\bin;F:\adt-bundle-windows-x86_64-20140702\sdk\tools;F:\adt-bundle-windows-x86_64-20140702\sdk\platform-tools;C:\Program Files (x86)\Microsoft SQL Server\90\Tools\bin\;C:\Program Files\Microsoft SQL Server\110\Tools\Binn\;E:\Program Files\visual_studio_2010\VC\include;C:\MongoDB\bin;E:\python\python;F:\adt-bundle-windows-x86_64-20140702\eclipse;
USERNAME=Administrator
OS=Windows_NT
PROCESSOR_IDENTIFIER=Intel64 Family 6 Model 60 Stepping 3, GenuineIntel



---------------  S Y S T E M  ---------------

OS: Windows 7 , 64 bit Build 7601 Service Pack 1

CPU:total 8 (4 cores per cpu, 2 threads per core) family 6 model 60 stepping 3, cmov, cx8, fxsr, mmx, sse, sse2, sse3, ssse3, sse4.1, sse4.2, popcnt, avx, avx2, aes, erms, ht, tsc, tscinvbit

Memory: 4k page, physical 8329516k(4609544k free), swap 16657176k(11266176k free)

vm_info: Java HotSpot(TM) 64-Bit Server VM (24.71-b01) for windows-amd64 JRE (1.7.0_71-b14), built on Sep 26 2014 16:16:12 by "java_re" with unknown MS VC++:1600

time: Sat Mar 07 17:23:42 2015
elapsed time: 0 seconds

